[1662189519.743][INFO]: Starting ChromeDriver 105.0.5195.52 (412c95e518836d8a7d97250d62b29c2ae6a26a85-refs/branch-heads/5195@{#853}) on port 60064
[1662189519.743][INFO]: Please see https://chromedriver.chromium.org/security-considerations for suggestions on keeping ChromeDriver safe.
[1662189519.763][INFO]: [47cf4a74b12aea9eef5338e1a953d3ec] COMMAND InitSession {
   "capabilities": {
      "alwaysMatch": {
         "browserName": "chrome",
         "goog:chromeOptions": {
            "args": [ "--headless", "--no-sandbox", "--disable-dev-shm-usage", "--disable-gpu", "--disable-features=NetworkService", "--window-size=1920x1080", "--disable-features=VizDisplayCompositor" ],
            "extensions": [  ]
         },
         "pageLoadStrategy": "normal"
      },
      "firstMatch": [ {
      } ]
   },
   "desiredCapabilities": {
      "browserName": "chrome",
      "goog:chromeOptions": {
         "args": [ "--headless", "--no-sandbox", "--disable-dev-shm-usage", "--disable-gpu", "--disable-features=NetworkService", "--window-size=1920x1080", "--disable-features=VizDisplayCompositor" ],
         "extensions": [  ]
      },
      "pageLoadStrategy": "normal"
   }
}
[1662189519.766][INFO]: Populating Preferences file: {
   "alternate_error_pages": {
      "enabled": false
   },
   "autofill": {
      "enabled": false
   },
   "browser": {
      "check_default_browser": false
   },
   "distribution": {
      "import_bookmarks": false,
      "import_history": false,
      "import_search_engine": false,
      "make_chrome_default_for_user": false,
      "skip_first_run_ui": true
   },
   "dns_prefetching": {
      "enabled": false
   },
   "profile": {
      "content_settings": {
         "pattern_pairs": {
            "https://*,*": {
               "media-stream": {
                  "audio": "Default",
                  "video": "Default"
               }
            }
         }
      },
      "default_content_setting_values": {
         "geolocation": 1
      },
      "default_content_settings": {
         "geolocation": 1,
         "mouselock": 1,
         "notifications": 1,
         "popups": 1,
         "ppapi-broker": 1
      },
      "password_manager_enabled": false
   },
   "safebrowsing": {
      "enabled": false
   },
   "search": {
      "suggest_enabled": false
   },
   "translate": {
      "enabled": false
   }
}
[1662189519.766][INFO]: Populating Local State file: {
   "background_mode": {
      "enabled": false
   },
   "ssl": {
      "rev_checking": {
         "enabled": false
      }
   }
}
[1662189519.767][INFO]: Launching chrome: /Applications/Google Chrome.app/Contents/MacOS/Google Chrome --allow-pre-commit-input --disable-background-networking --disable-client-side-phishing-detection --disable-default-apps --disable-dev-shm-usage --disable-features=NetworkService,VizDisplayCompositor --disable-gpu --disable-hang-monitor --disable-popup-blocking --disable-prompt-on-repost --disable-sync --enable-automation --enable-blink-features=ShadowDOMV0 --enable-logging --headless --log-level=0 --no-first-run --no-sandbox --no-service-autorun --password-store=basic --remote-debugging-port=0 --test-type=webdriver --use-mock-keychain --user-data-dir=/var/folders/xg/7g46lfqd39j4mrfr24_74ptw0000gn/T/.com.google.Chrome.D51PpR --window-size=1920x1080 data:,
[1662189520.590][INFO]: resolved localhost to ["::1","127.0.0.1"]
[1662189520.934][INFO]: [47cf4a74b12aea9eef5338e1a953d3ec] RESPONSE InitSession {
   "capabilities": {
      "acceptInsecureCerts": false,
      "browserName": "chrome",
      "browserVersion": "105.0.5195.102",
      "chrome": {
         "chromedriverVersion": "105.0.5195.52 (412c95e518836d8a7d97250d62b29c2ae6a26a85-refs/branch-heads/5195@{#853})",
         "userDataDir": "/var/folders/xg/7g46lfqd39j4mrfr24_74ptw0000gn/T/.com.google.Chrome.D51PpR"
      },
      "goog:chromeOptions": {
         "debuggerAddress": "localhost:60072"
      },
      "networkConnectionEnabled": false,
      "pageLoadStrategy": "normal",
      "platformName": "mac os x",
      "proxy": {
      },
      "setWindowRect": true,
      "strictFileInteractability": false,
      "timeouts": {
         "implicit": 0,
         "pageLoad": 300000,
         "script": 30000
      },
      "unhandledPromptBehavior": "dismiss and notify",
      "webauthn:extension:credBlob": true,
      "webauthn:extension:largeBlob": true,
      "webauthn:virtualAuthenticators": true
   },
   "sessionId": "47cf4a74b12aea9eef5338e1a953d3ec"
}
[1662189520.939][INFO]: [47cf4a74b12aea9eef5338e1a953d3ec] COMMAND Navigate {
   "url": "https://www.unibet.fr/sport/football/europa-league/europa-league-matchs"
}
[1662189520.939][INFO]: Waiting for pending navigations...
[1662189520.940][INFO]: Done waiting for pending navigations. Status: ok
[1662189522.278][INFO]: Waiting for pending navigations...
[1662189536.483][INFO]: Done waiting for pending navigations. Status: ok
[1662189536.484][INFO]: [47cf4a74b12aea9eef5338e1a953d3ec] RESPONSE Navigate
[1662189536.485][INFO]: [47cf4a74b12aea9eef5338e1a953d3ec] COMMAND FindElements {
   "using": "xpath",
   "value": "//*[@class=\"ui-mainview-block eventpath-wrapper\"]"
}
[1662189536.485][INFO]: Waiting for pending navigations...
[1662189536.486][INFO]: Done waiting for pending navigations. Status: ok
[1662189536.503][INFO]: Waiting for pending navigations...
[1662189536.503][INFO]: Done waiting for pending navigations. Status: ok
[1662189536.503][INFO]: [47cf4a74b12aea9eef5338e1a953d3ec] RESPONSE FindElements [ {
   "element-6066-11e4-a52e-4f735466cecf": "8bfde98b-fa63-473c-b9db-5c3c31e2fdea"
} ]
[1662189536.505][INFO]: [47cf4a74b12aea9eef5338e1a953d3ec] COMMAND GetElementProperty {
   "id": "8bfde98b-fa63-473c-b9db-5c3c31e2fdea",
   "name": "attributes"
}
[1662189536.505][INFO]: Waiting for pending navigations...
[1662189536.506][INFO]: Done waiting for pending navigations. Status: ok
[1662189536.510][INFO]: Waiting for pending navigations...
[1662189536.510][INFO]: Done waiting for pending navigations. Status: ok
[1662189536.510][INFO]: [47cf4a74b12aea9eef5338e1a953d3ec] RESPONSE GetElementProperty [ {
   "ATTRIBUTE_NODE": 2,
   "CDATA_SECTION_NODE": 4,
   "COMMENT_NODE": 8,
   "DOCUMENT_FRAGMENT_NODE": 11,
   "DOCUMENT_NODE": 9,
   "DOCUMENT_POSITION_CONTAINED_BY": 16,
   "DOCUMENT_POSITION_CONTAINS": 8,
   "DOCUMENT_POSITION_DISCONNECTED": 1,
   "DOCUMENT_POSITION_FOLLOWING": 4,
   "DOCUMENT_POSITION_IMPLEMENTATION_SPECIFIC": 32,
   "DOCUMENT_POSITION_PRECEDING": 2,
   "DOCUMENT_TYPE_NODE": 10,
   "ELEMENT_NODE": 1,
   "ENTITY_NODE": 6,
   "ENTITY_REFERENCE_NODE": 5,
   "NOTATION_NODE": 12,
   "PROCESSING_INSTRUCTION_NODE": 7,
   "TEXT_NODE": 3,
   "addEventListener": {
   },
   "~~~": "..."
}, {
   "ATTRIBUTE_NODE": 2,
   "CDATA_SECTION_NODE": 4,
   "COMMENT_NODE": 8,
   "DOCUMENT_FRAGMENT_NODE": 11,
   "DOCUMENT_NODE": 9,
   "DOCUMENT_POSITION_CONTAINED_BY": 16,
   "DOCUMENT_POSITION_CONTAINS": 8,
   "DOCUMENT_POSITION_DISCONNECTED": 1,
   "DOCUMENT_POSITION_FOLLOWING": 4,
   "DOCUMENT_POSITION_IMPLEMENTATION_SPECIFIC": 32,
   "DOCUMENT_POSITION_PRECEDING": 2,
   "DOCUMENT_TYPE_NODE": 10,
   "ELEMENT_NODE": 1,
   "ENTITY_NODE": 6,
   "ENTITY_REFERENCE_NODE": 5,
   "NOTATION_NODE": 12,
   "PROCESSING_INSTRUCTION_NODE": 7,
   "TEXT_NODE": 3,
   "addEventListener": {
   },
   "~~~": "..."
}, {
   "ATTRIBUTE_NODE": 2,
   "CDATA_SECTION_NODE": 4,
   "COMMENT_NODE": 8,
   "DOCUMENT_FRAGMENT_NODE": 11,
   "DOCUMENT_NODE": 9,
   "DOCUMENT_POSITION_CONTAINED_BY": 16,
   "DOCUMENT_POSITION_CONTAINS": 8,
   "DOCUMENT_POSITION_DISCONNECTED": 1,
   "DOCUMENT_POSITION_FOLLOWING": 4,
   "DOCUMENT_POSITION_IMPLEMENTATION_SPECIFIC": 32,
   "DOCUMENT_POSITION_PRECEDING": 2,
   "DOCUMENT_TYPE_NODE": 10,
   "ELEMENT_NODE": 1,
   "ENTITY_NODE": 6,
   "ENTITY_REFERENCE_NODE": 5,
   "NOTATION_NODE": 12,
   "PROCESSING_INSTRUCTION_NODE": 7,
   "TEXT_NODE": 3,
   "addEventListener": {
   },
   "~~~": "..."
} ]
[1662189536.512][INFO]: [47cf4a74b12aea9eef5338e1a953d3ec] COMMAND Quit {
}
[1662189536.562][INFO]: [47cf4a74b12aea9eef5338e1a953d3ec] RESPONSE Quit
